<?xml version="1.0" encoding="UTF-8"?>
<testng-results ignored="0" total="1" passed="1" failed="0" skipped="0">
  <reporter-output>
  </reporter-output>
  <suite started-at="2022-08-25T10:56:28 IST" name="Default suite" finished-at="2022-08-25T10:56:49 IST" duration-ms="21100">
    <groups>
    </groups>
    <test started-at="2022-08-25T10:56:28 IST" name="Default test" finished-at="2022-08-25T10:56:49 IST" duration-ms="21100">
      <class name="com.automation.Test.UsermngtTest">
        <test-method is-config="true" signature="Precondition()[pri:0, instance:com.automation.Test.UsermngtTest@446293d]" started-at="2022-08-25T10:56:28 IST" name="Precondition" finished-at="2022-08-25T10:56:30 IST" duration-ms="1275" status="PASS">
          <reporter-output>
          </reporter-output>
        </test-method> <!-- Precondition -->
        <test-method signature="VerifyUsermngt()[pri:0, instance:com.automation.Test.UsermngtTest@446293d]" started-at="2022-08-25T10:56:30 IST" name="VerifyUsermngt" finished-at="2022-08-25T10:56:49 IST" duration-ms="19793" status="PASS">
          <reporter-output>
          </reporter-output>
        </test-method> <!-- VerifyUsermngt -->
      </class> <!-- com.automation.Test.UsermngtTest -->
    </test> <!-- Default test -->
  </suite> <!-- Default suite -->
</testng-results>
